<?xml version="1.0" encoding="UTF-8"?>
<!-- Generated by org.testng.reporters.JUnitXMLReporter -->
<testsuite ignored="0" hostname="DESKTOP-824778G" failures="0" tests="3" name="Default test" time="18.196" errors="0" timestamp="2024-07-23T18:47:11 IST">
  <testcase classname="TestNgTest" name="factoryPattern" time="2.024"/>
  <testcase classname="TestNgTest" name="pageValidation" time="0.04"/>
  <testcase classname="TestNgTest" name="testNgTestA" time="0.121"/>
</testsuite> <!-- Default test -->
