<?xml version="1.0" encoding="UTF-8"?>
<testng-results skipped="0" failed="0" ignored="0" total="3" passed="3">
  <reporter-output>
  </reporter-output>
  <suite name="Surefire suite" duration-ms="18460" started-at="2024-07-27T16:07:44 IST" finished-at="2024-07-27T16:08:02 IST">
    <groups>
    </groups>
    <test name="Surefire test" duration-ms="18460" started-at="2024-07-27T16:07:44 IST" finished-at="2024-07-27T16:08:02 IST">
      <class name="TestNgTest">
        <test-method status="PASS" signature="beforeTest()[pri:0, instance:TestNgTest@612fc6eb]" name="beforeTest" is-config="true" duration-ms="11521" started-at="2024-07-27T16:07:44 IST" finished-at="2024-07-27T16:07:55 IST">
          <reporter-output>
          </reporter-output>
        </test-method> <!-- beforeTest -->
        <test-method status="PASS" signature="beforeMethod()[pri:0, instance:TestNgTest@612fc6eb]" name="beforeMethod" is-config="true" duration-ms="1" started-at="2024-07-27T16:07:55 IST" finished-at="2024-07-27T16:07:55 IST">
          <reporter-output>
          </reporter-output>
        </test-method> <!-- beforeMethod -->
        <test-method status="PASS" signature="factoryPattern()[pri:0, instance:TestNgTest@612fc6eb]" name="factoryPattern" duration-ms="6" started-at="2024-07-27T16:07:55 IST" finished-at="2024-07-27T16:07:55 IST">
          <reporter-output>
          </reporter-output>
        </test-method> <!-- factoryPattern -->
        <test-method status="PASS" signature="afterMethod()[pri:0, instance:TestNgTest@612fc6eb]" name="afterMethod" is-config="true" duration-ms="2560" started-at="2024-07-27T16:07:55 IST" finished-at="2024-07-27T16:07:58 IST">
          <reporter-output>
          </reporter-output>
        </test-method> <!-- afterMethod -->
        <test-method status="PASS" signature="beforeMethod()[pri:0, instance:TestNgTest@612fc6eb]" name="beforeMethod" is-config="true" duration-ms="1" started-at="2024-07-27T16:07:58 IST" finished-at="2024-07-27T16:07:58 IST">
          <reporter-output>
          </reporter-output>
        </test-method> <!-- beforeMethod -->
        <test-method status="PASS" signature="pageValidation()[pri:0, instance:TestNgTest@612fc6eb]" name="pageValidation" duration-ms="253" started-at="2024-07-27T16:07:58 IST" finished-at="2024-07-27T16:07:58 IST">
          <reporter-output>
          </reporter-output>
        </test-method> <!-- pageValidation -->
        <test-method status="PASS" signature="afterMethod()[pri:0, instance:TestNgTest@612fc6eb]" name="afterMethod" is-config="true" duration-ms="2013" started-at="2024-07-27T16:07:58 IST" finished-at="2024-07-27T16:08:00 IST">
          <reporter-output>
          </reporter-output>
        </test-method> <!-- afterMethod -->
        <test-method status="PASS" signature="beforeMethod()[pri:0, instance:TestNgTest@612fc6eb]" name="beforeMethod" is-config="true" duration-ms="2" started-at="2024-07-27T16:08:00 IST" finished-at="2024-07-27T16:08:00 IST">
          <reporter-output>
          </reporter-output>
        </test-method> <!-- beforeMethod -->
        <test-method status="PASS" signature="testNgTestA()[pri:0, instance:TestNgTest@612fc6eb]" name="testNgTestA" duration-ms="3" started-at="2024-07-27T16:08:00 IST" finished-at="2024-07-27T16:08:00 IST">
          <reporter-output>
          </reporter-output>
        </test-method> <!-- testNgTestA -->
        <test-method status="PASS" signature="afterMethod()[pri:0, instance:TestNgTest@612fc6eb]" name="afterMethod" is-config="true" duration-ms="2015" started-at="2024-07-27T16:08:00 IST" finished-at="2024-07-27T16:08:02 IST">
          <reporter-output>
          </reporter-output>
        </test-method> <!-- afterMethod -->
        <test-method status="PASS" signature="AfterSuite()[pri:0, instance:TestNgTest@612fc6eb]" name="AfterSuite" is-config="true" duration-ms="997" started-at="2024-07-27T16:08:02 IST" finished-at="2024-07-27T16:08:03 IST">
          <reporter-output>
          </reporter-output>
        </test-method> <!-- AfterSuite -->
      </class> <!-- TestNgTest -->
    </test> <!-- Surefire test -->
  </suite> <!-- Surefire suite -->
</testng-results>
