<?xml version="1.0" encoding="UTF-8"?>
<testng-results ignored="0" total="3" passed="3" failed="0" skipped="0">
  <reporter-output>
  </reporter-output>
  <suite started-at="2024-07-23T18:46:53 IST" name="Default suite" finished-at="2024-07-23T18:47:11 IST" duration-ms="18196">
    <groups>
    </groups>
    <test started-at="2024-07-23T18:46:53 IST" name="Default test" finished-at="2024-07-23T18:47:11 IST" duration-ms="18196">
      <class name="TestNgTest">
        <test-method is-config="true" signature="beforeTest()[pri:0, instance:TestNgTest@4c178a76]" started-at="2024-07-23T18:46:53 IST" name="beforeTest" finished-at="2024-07-23T18:47:03 IST" duration-ms="9840" status="PASS">
          <reporter-output>
          </reporter-output>
        </test-method> <!-- beforeTest -->
        <test-method is-config="true" signature="beforeMethod()[pri:0, instance:TestNgTest@4c178a76]" started-at="2024-07-23T18:47:03 IST" name="beforeMethod" finished-at="2024-07-23T18:47:03 IST" duration-ms="0" status="PASS">
          <reporter-output>
          </reporter-output>
        </test-method> <!-- beforeMethod -->
        <test-method signature="factoryPattern()[pri:0, instance:TestNgTest@4c178a76]" started-at="2024-07-23T18:47:03 IST" name="factoryPattern" finished-at="2024-07-23T18:47:05 IST" duration-ms="2024" status="PASS">
          <reporter-output>
          </reporter-output>
        </test-method> <!-- factoryPattern -->
        <test-method is-config="true" signature="afterMethod()[pri:0, instance:TestNgTest@4c178a76]" started-at="2024-07-23T18:47:05 IST" name="afterMethod" finished-at="2024-07-23T18:47:07 IST" duration-ms="2074" status="PASS">
          <reporter-output>
          </reporter-output>
        </test-method> <!-- afterMethod -->
        <test-method is-config="true" signature="beforeMethod()[pri:0, instance:TestNgTest@4c178a76]" started-at="2024-07-23T18:47:07 IST" name="beforeMethod" finished-at="2024-07-23T18:47:07 IST" duration-ms="1" status="PASS">
          <reporter-output>
          </reporter-output>
        </test-method> <!-- beforeMethod -->
        <test-method signature="pageValidation()[pri:0, instance:TestNgTest@4c178a76]" started-at="2024-07-23T18:47:07 IST" name="pageValidation" finished-at="2024-07-23T18:47:07 IST" duration-ms="40" status="PASS">
          <reporter-output>
          </reporter-output>
        </test-method> <!-- pageValidation -->
        <test-method is-config="true" signature="afterMethod()[pri:0, instance:TestNgTest@4c178a76]" started-at="2024-07-23T18:47:07 IST" name="afterMethod" finished-at="2024-07-23T18:47:09 IST" duration-ms="2013" status="PASS">
          <reporter-output>
          </reporter-output>
        </test-method> <!-- afterMethod -->
        <test-method is-config="true" signature="beforeMethod()[pri:0, instance:TestNgTest@4c178a76]" started-at="2024-07-23T18:47:09 IST" name="beforeMethod" finished-at="2024-07-23T18:47:09 IST" duration-ms="0" status="PASS">
          <reporter-output>
          </reporter-output>
        </test-method> <!-- beforeMethod -->
        <test-method signature="testNgTestA()[pri:0, instance:TestNgTest@4c178a76]" started-at="2024-07-23T18:47:09 IST" name="testNgTestA" finished-at="2024-07-23T18:47:09 IST" duration-ms="121" status="PASS">
          <reporter-output>
          </reporter-output>
        </test-method> <!-- testNgTestA -->
        <test-method is-config="true" signature="afterMethod()[pri:0, instance:TestNgTest@4c178a76]" started-at="2024-07-23T18:47:09 IST" name="afterMethod" finished-at="2024-07-23T18:47:11 IST" duration-ms="2006" status="PASS">
          <reporter-output>
          </reporter-output>
        </test-method> <!-- afterMethod -->
        <test-method is-config="true" signature="AfterSuite()[pri:0, instance:TestNgTest@4c178a76]" started-at="2024-07-23T18:47:11 IST" name="AfterSuite" finished-at="2024-07-23T18:47:13 IST" duration-ms="1982" status="PASS">
          <reporter-output>
          </reporter-output>
        </test-method> <!-- AfterSuite -->
      </class> <!-- TestNgTest -->
    </test> <!-- Default test -->
  </suite> <!-- Default suite -->
</testng-results>
